 
 -------------- celery@edx.cms.core.low.ip-10-67-169-22 v3.0.19 (Chiastic Slide)
---- **** ----- 
--- * ***  * -- Linux-3.2.0-64-virtual-x86_64-with-Ubuntu-12.04-precise
-- * - **** --- 
- ** ---------- [config]
- ** ---------- .> broker:      amqp://celery@localhost:5672//
- ** ---------- .> app:         default:0x44e5150 (djcelery.loaders.DjangoLoader)
- ** ---------- .> concurrency: 3 (processes)
- *** --- * --- .> events:      ON
-- ******* ---- 
--- ***** ----- [queues]
 -------------- .> edx.cms.core.low: exchange:edx.cms.core(direct) binding:edx.cms.core.low
                

[Tasks]
  . openassessment.assessment.worker.grading.grade_essay
  . openassessment.assessment.worker.grading.reschedule_grading_tasks
  . openassessment.assessment.worker.training.reschedule_training_tasks
  . openassessment.assessment.worker.training.train_classifiers
  . service_status.tasks.delayed_ping

 
 -------------- celery@edx.cms.core.low.ip-10-67-169-22 v3.0.19 (Chiastic Slide)
---- **** ----- 
--- * ***  * -- Linux-3.2.0-64-virtual-x86_64-with-Ubuntu-12.04-precise
-- * - **** --- 
- ** ---------- [config]
- ** ---------- .> broker:      amqp://celery@localhost:5672//
- ** ---------- .> app:         default:0x3bf4150 (djcelery.loaders.DjangoLoader)
- ** ---------- .> concurrency: 3 (processes)
- *** --- * --- .> events:      ON
-- ******* ---- 
--- ***** ----- [queues]
 -------------- .> edx.cms.core.low: exchange:edx.cms.core(direct) binding:edx.cms.core.low
                

[Tasks]
  . openassessment.assessment.worker.grading.grade_essay
  . openassessment.assessment.worker.grading.reschedule_grading_tasks
  . openassessment.assessment.worker.training.reschedule_training_tasks
  . openassessment.assessment.worker.training.train_classifiers
  . service_status.tasks.delayed_ping

 
 -------------- celery@edx.cms.core.low.ip-10-67-169-22 v3.0.19 (Chiastic Slide)
---- **** ----- 
--- * ***  * -- Linux-3.2.0-64-virtual-x86_64-with-Ubuntu-12.04-precise
-- * - **** --- 
- ** ---------- [config]
- ** ---------- .> broker:      amqp://celery@localhost:5672//
- ** ---------- .> app:         default:0x3a12150 (djcelery.loaders.DjangoLoader)
- ** ---------- .> concurrency: 3 (processes)
- *** --- * --- .> events:      ON
-- ******* ---- 
--- ***** ----- [queues]
 -------------- .> edx.cms.core.low: exchange:edx.cms.core(direct) binding:edx.cms.core.low
                

[Tasks]
  . openassessment.assessment.worker.grading.grade_essay
  . openassessment.assessment.worker.grading.reschedule_grading_tasks
  . openassessment.assessment.worker.training.reschedule_training_tasks
  . openassessment.assessment.worker.training.train_classifiers
  . service_status.tasks.delayed_ping

 
 -------------- celery@edx.cms.core.low.ip-10-67-169-22 v3.0.19 (Chiastic Slide)
---- **** ----- 
--- * ***  * -- Linux-3.2.0-64-virtual-x86_64-with-Ubuntu-12.04-precise
-- * - **** --- 
- ** ---------- [config]
- ** ---------- .> broker:      amqp://celery@localhost:5672//
- ** ---------- .> app:         default:0x3e7c150 (djcelery.loaders.DjangoLoader)
- ** ---------- .> concurrency: 3 (processes)
- *** --- * --- .> events:      ON
-- ******* ---- 
--- ***** ----- [queues]
 -------------- .> edx.cms.core.low: exchange:edx.cms.core(direct) binding:edx.cms.core.low
                

[Tasks]
  . openassessment.assessment.worker.grading.grade_essay
  . openassessment.assessment.worker.grading.reschedule_grading_tasks
  . openassessment.assessment.worker.training.reschedule_training_tasks
  . openassessment.assessment.worker.training.train_classifiers
  . service_status.tasks.delayed_ping

 
 -------------- celery@edx.cms.core.low.ip-10-67-169-22 v3.0.19 (Chiastic Slide)
---- **** ----- 
--- * ***  * -- Linux-3.2.0-64-virtual-x86_64-with-Ubuntu-12.04-precise
-- * - **** --- 
- ** ---------- [config]
- ** ---------- .> broker:      amqp://celery@localhost:5672//
- ** ---------- .> app:         default:0x324a410 (djcelery.loaders.DjangoLoader)
- ** ---------- .> concurrency: 3 (processes)
- *** --- * --- .> events:      ON
-- ******* ---- 
--- ***** ----- [queues]
 -------------- .> edx.cms.core.low: exchange:edx.cms.core(direct) binding:edx.cms.core.low
                

[Tasks]
  . openassessment.assessment.worker.grading.grade_essay
  . openassessment.assessment.worker.grading.reschedule_grading_tasks
  . openassessment.assessment.worker.training.reschedule_training_tasks
  . openassessment.assessment.worker.training.train_classifiers
  . service_status.tasks.delayed_ping

 
 -------------- celery@edx.cms.core.low.ip-10-67-169-22 v3.0.19 (Chiastic Slide)
---- **** ----- 
--- * ***  * -- Linux-3.2.0-64-virtual-x86_64-with-Ubuntu-12.04-precise
-- * - **** --- 
- ** ---------- [config]
- ** ---------- .> broker:      amqp://celery@localhost:5672//
- ** ---------- .> app:         default:0x306a410 (djcelery.loaders.DjangoLoader)
- ** ---------- .> concurrency: 3 (processes)
- *** --- * --- .> events:      ON
-- ******* ---- 
--- ***** ----- [queues]
 -------------- .> edx.cms.core.low: exchange:edx.cms.core(direct) binding:edx.cms.core.low
                

[Tasks]
  . openassessment.assessment.worker.grading.grade_essay
  . openassessment.assessment.worker.grading.reschedule_grading_tasks
  . openassessment.assessment.worker.training.reschedule_training_tasks
  . openassessment.assessment.worker.training.train_classifiers
  . service_status.tasks.delayed_ping

 
 -------------- celery@edx.cms.core.low.ip-10-67-169-22 v3.0.19 (Chiastic Slide)
---- **** ----- 
--- * ***  * -- Linux-3.2.0-64-virtual-x86_64-with-Ubuntu-12.04-precise
-- * - **** --- 
- ** ---------- [config]
- ** ---------- .> broker:      amqp://celery@localhost:5672//
- ** ---------- .> app:         default:0x418e410 (djcelery.loaders.DjangoLoader)
- ** ---------- .> concurrency: 3 (processes)
- *** --- * --- .> events:      ON
-- ******* ---- 
--- ***** ----- [queues]
 -------------- .> edx.cms.core.low: exchange:edx.cms.core(direct) binding:edx.cms.core.low
                

[Tasks]
  . openassessment.assessment.worker.grading.grade_essay
  . openassessment.assessment.worker.grading.reschedule_grading_tasks
  . openassessment.assessment.worker.training.reschedule_training_tasks
  . openassessment.assessment.worker.training.train_classifiers
  . service_status.tasks.delayed_ping

 
 -------------- celery@edx.cms.core.low.ip-172-31-9-58 v3.0.19 (Chiastic Slide)
---- **** ----- 
--- * ***  * -- Linux-3.2.0-64-virtual-x86_64-with-Ubuntu-12.04-precise
-- * - **** --- 
- ** ---------- [config]
- ** ---------- .> broker:      amqp://celery@localhost:5672//
- ** ---------- .> app:         default:0x4202590 (djcelery.loaders.DjangoLoader)
- ** ---------- .> concurrency: 3 (processes)
- *** --- * --- .> events:      ON
-- ******* ---- 
--- ***** ----- [queues]
 -------------- .> edx.cms.core.low: exchange:edx.cms.core(direct) binding:edx.cms.core.low
                

[Tasks]
  . openassessment.assessment.worker.grading.grade_essay
  . openassessment.assessment.worker.grading.reschedule_grading_tasks
  . openassessment.assessment.worker.training.reschedule_training_tasks
  . openassessment.assessment.worker.training.train_classifiers
  . service_status.tasks.delayed_ping

 
 -------------- celery@edx.cms.core.low.ip-172-31-9-58 v3.0.19 (Chiastic Slide)
---- **** ----- 
--- * ***  * -- Linux-3.2.0-64-virtual-x86_64-with-Ubuntu-12.04-precise
-- * - **** --- 
- ** ---------- [config]
- ** ---------- .> broker:      amqp://celery@localhost:5672//
- ** ---------- .> app:         default:0x4650590 (djcelery.loaders.DjangoLoader)
- ** ---------- .> concurrency: 3 (processes)
- *** --- * --- .> events:      ON
-- ******* ---- 
--- ***** ----- [queues]
 -------------- .> edx.cms.core.low: exchange:edx.cms.core(direct) binding:edx.cms.core.low
                

[Tasks]
  . openassessment.assessment.worker.grading.grade_essay
  . openassessment.assessment.worker.grading.reschedule_grading_tasks
  . openassessment.assessment.worker.training.reschedule_training_tasks
  . openassessment.assessment.worker.training.train_classifiers
  . service_status.tasks.delayed_ping

