Error creating log directory log/, using standard out for logging.
** [NewRelic][06/30/14 19:52:19 +0000 ip-10-67-169-22 (7927)] INFO : Starting the New Relic agent in "development" environment.
** [NewRelic][06/30/14 19:52:19 +0000 ip-10-67-169-22 (7927)] INFO : To prevent agent startup add a NEWRELIC_ENABLE=false environment variable or modify the "development" section of your newrelic.yml.
** [NewRelic][06/30/14 19:52:19 +0000 ip-10-67-169-22 (7927)] INFO : Reading configuration from config/newrelic.yml
** [NewRelic][06/30/14 19:52:19 +0000 ip-10-67-169-22 (7927)] WARN : Agent is configured to send raw SQL to the service
** [NewRelic][06/30/14 19:52:19 +0000 ip-10-67-169-22 (7927)] INFO : Enabling the Request Sampler.
** [NewRelic][06/30/14 19:52:19 +0000 ip-10-67-169-22 (7927)] INFO : Enabling the Request Sampler.
** [NewRelic][06/30/14 19:52:19 +0000 ip-10-67-169-22 (7927)] INFO : Environment: development
** [NewRelic][06/30/14 19:52:19 +0000 ip-10-67-169-22 (7927)] INFO : Dispatcher: unicorn
** [NewRelic][06/30/14 19:52:19 +0000 ip-10-67-169-22 (7927)] INFO : Application: forum-newrelic-app
** [NewRelic][06/30/14 19:52:19 +0000 ip-10-67-169-22 (7927)] WARN : Agent configured not to send data in this environment.
** [NewRelic][06/30/14 19:52:19 +0000 ip-10-67-169-22 (7927)] INFO : Installing Dalli Memcache instrumentation
** [NewRelic][06/30/14 19:52:19 +0000 ip-10-67-169-22 (7927)] INFO : Installing Unicorn instrumentation
** [NewRelic][06/30/14 19:52:19 +0000 ip-10-67-169-22 (7927)] INFO : Detected Unicorn, please see additional documentation: https://newrelic.com/docs/troubleshooting/im-using-unicorn-and-i-dont-see-any-data
** [NewRelic][06/30/14 19:52:19 +0000 ip-10-67-169-22 (7927)] INFO : Installing Net instrumentation
** [NewRelic][06/30/14 19:52:19 +0000 ip-10-67-169-22 (7927)] INFO : Installing Sinatra instrumentation
** [NewRelic][06/30/14 19:52:19 +0000 ip-10-67-169-22 (7927)] INFO : Installing deferred Rack instrumentation
** [NewRelic][06/30/14 19:52:19 +0000 ip-10-67-169-22 (7927)] INFO : Installing DelayedJob instrumentation [part 1/2]
** [NewRelic][06/30/14 19:52:19 +0000 ip-10-67-169-22 (7927)] INFO : Finished instrumentation
** [NewRelic][06/30/14 19:52:19 +0000 ip-10-67-169-22 (7927)] INFO : NewRelic::Agent::Samplers::DelayedJobSampler not available: No DJ worker present
** [NewRelic][06/30/14 19:52:20 +0000 ip-10-67-169-22 (7927)] ERROR : Did not trace ThreadUtils#get_read_states because that method does not exist
** [NewRelic][06/30/14 19:52:20 +0000 ip-10-67-169-22 (7927)] ERROR : Did not trace ThreadUtils#get_endorsed because that method does not exist
** [NewRelic][06/30/14 19:52:20 +0000 ip-10-67-169-22 (7927)] INFO : Doing deferred dependency-detection before Rack startup
** [NewRelic][06/30/14 19:52:20 +0000 ip-10-67-169-22 (7927)] INFO : Installing Moped instrumentation
Error creating log directory log/, using standard out for logging.
** [NewRelic][06/30/14 20:04:26 +0000 ip-10-67-169-22 (25647)] INFO : Starting the New Relic agent in "development" environment.
** [NewRelic][06/30/14 20:04:26 +0000 ip-10-67-169-22 (25647)] INFO : To prevent agent startup add a NEWRELIC_ENABLE=false environment variable or modify the "development" section of your newrelic.yml.
** [NewRelic][06/30/14 20:04:26 +0000 ip-10-67-169-22 (25647)] INFO : Reading configuration from config/newrelic.yml
** [NewRelic][06/30/14 20:04:26 +0000 ip-10-67-169-22 (25647)] WARN : Agent is configured to send raw SQL to the service
** [NewRelic][06/30/14 20:04:26 +0000 ip-10-67-169-22 (25647)] INFO : Enabling the Request Sampler.
** [NewRelic][06/30/14 20:04:26 +0000 ip-10-67-169-22 (25647)] INFO : Enabling the Request Sampler.
** [NewRelic][06/30/14 20:04:26 +0000 ip-10-67-169-22 (25647)] INFO : Environment: development
** [NewRelic][06/30/14 20:04:26 +0000 ip-10-67-169-22 (25647)] INFO : Dispatcher: unicorn
** [NewRelic][06/30/14 20:04:26 +0000 ip-10-67-169-22 (25647)] INFO : Application: forum-newrelic-app
** [NewRelic][06/30/14 20:04:26 +0000 ip-10-67-169-22 (25647)] WARN : Agent configured not to send data in this environment.
** [NewRelic][06/30/14 20:04:26 +0000 ip-10-67-169-22 (25647)] INFO : Installing Dalli Memcache instrumentation
** [NewRelic][06/30/14 20:04:26 +0000 ip-10-67-169-22 (25647)] INFO : Installing Unicorn instrumentation
** [NewRelic][06/30/14 20:04:26 +0000 ip-10-67-169-22 (25647)] INFO : Detected Unicorn, please see additional documentation: https://newrelic.com/docs/troubleshooting/im-using-unicorn-and-i-dont-see-any-data
** [NewRelic][06/30/14 20:04:26 +0000 ip-10-67-169-22 (25647)] INFO : Installing Net instrumentation
** [NewRelic][06/30/14 20:04:26 +0000 ip-10-67-169-22 (25647)] INFO : Installing Sinatra instrumentation
** [NewRelic][06/30/14 20:04:26 +0000 ip-10-67-169-22 (25647)] INFO : Installing deferred Rack instrumentation
** [NewRelic][06/30/14 20:04:26 +0000 ip-10-67-169-22 (25647)] INFO : Installing DelayedJob instrumentation [part 1/2]
** [NewRelic][06/30/14 20:04:26 +0000 ip-10-67-169-22 (25647)] INFO : Finished instrumentation
** [NewRelic][06/30/14 20:04:26 +0000 ip-10-67-169-22 (25647)] INFO : NewRelic::Agent::Samplers::DelayedJobSampler not available: No DJ worker present
** [NewRelic][06/30/14 20:04:26 +0000 ip-10-67-169-22 (25647)] ERROR : Did not trace ThreadUtils#get_read_states because that method does not exist
** [NewRelic][06/30/14 20:04:26 +0000 ip-10-67-169-22 (25647)] ERROR : Did not trace ThreadUtils#get_endorsed because that method does not exist
** [NewRelic][06/30/14 20:04:26 +0000 ip-10-67-169-22 (25647)] INFO : Doing deferred dependency-detection before Rack startup
** [NewRelic][06/30/14 20:04:26 +0000 ip-10-67-169-22 (25647)] INFO : Installing Moped instrumentation
Error creating log directory log/, using standard out for logging.
** [NewRelic][07/02/14 10:28:02 +0000 ip-172-31-9-58 (1249)] INFO : Starting the New Relic agent in "development" environment.
** [NewRelic][07/02/14 10:28:02 +0000 ip-172-31-9-58 (1249)] INFO : To prevent agent startup add a NEWRELIC_ENABLE=false environment variable or modify the "development" section of your newrelic.yml.
** [NewRelic][07/02/14 10:28:02 +0000 ip-172-31-9-58 (1249)] INFO : Reading configuration from config/newrelic.yml
** [NewRelic][07/02/14 10:28:02 +0000 ip-172-31-9-58 (1249)] WARN : Agent is configured to send raw SQL to the service
** [NewRelic][07/02/14 10:28:02 +0000 ip-172-31-9-58 (1249)] INFO : Enabling the Request Sampler.
** [NewRelic][07/02/14 10:28:02 +0000 ip-172-31-9-58 (1249)] INFO : Enabling the Request Sampler.
** [NewRelic][07/02/14 10:28:02 +0000 ip-172-31-9-58 (1249)] INFO : Environment: development
** [NewRelic][07/02/14 10:28:02 +0000 ip-172-31-9-58 (1249)] INFO : Dispatcher: unicorn
** [NewRelic][07/02/14 10:28:02 +0000 ip-172-31-9-58 (1249)] INFO : Application: forum-newrelic-app
** [NewRelic][07/02/14 10:28:02 +0000 ip-172-31-9-58 (1249)] WARN : Agent configured not to send data in this environment.
** [NewRelic][07/02/14 10:28:02 +0000 ip-172-31-9-58 (1249)] INFO : Installing Dalli Memcache instrumentation
** [NewRelic][07/02/14 10:28:02 +0000 ip-172-31-9-58 (1249)] INFO : Installing Unicorn instrumentation
** [NewRelic][07/02/14 10:28:02 +0000 ip-172-31-9-58 (1249)] INFO : Detected Unicorn, please see additional documentation: https://newrelic.com/docs/troubleshooting/im-using-unicorn-and-i-dont-see-any-data
** [NewRelic][07/02/14 10:28:02 +0000 ip-172-31-9-58 (1249)] INFO : Installing Net instrumentation
** [NewRelic][07/02/14 10:28:02 +0000 ip-172-31-9-58 (1249)] INFO : Installing Sinatra instrumentation
** [NewRelic][07/02/14 10:28:02 +0000 ip-172-31-9-58 (1249)] INFO : Installing deferred Rack instrumentation
** [NewRelic][07/02/14 10:28:02 +0000 ip-172-31-9-58 (1249)] INFO : Installing DelayedJob instrumentation [part 1/2]
** [NewRelic][07/02/14 10:28:02 +0000 ip-172-31-9-58 (1249)] INFO : Finished instrumentation
** [NewRelic][07/02/14 10:28:02 +0000 ip-172-31-9-58 (1249)] INFO : NewRelic::Agent::Samplers::DelayedJobSampler not available: No DJ worker present
** [NewRelic][07/02/14 10:28:02 +0000 ip-172-31-9-58 (1249)] ERROR : Did not trace ThreadUtils#get_read_states because that method does not exist
** [NewRelic][07/02/14 10:28:02 +0000 ip-172-31-9-58 (1249)] ERROR : Did not trace ThreadUtils#get_endorsed because that method does not exist
Error creating log directory log/, using standard out for logging.
** [NewRelic][07/02/14 10:28:09 +0000 ip-172-31-9-58 (1851)] INFO : Starting the New Relic agent in "development" environment.
** [NewRelic][07/02/14 10:28:09 +0000 ip-172-31-9-58 (1851)] INFO : To prevent agent startup add a NEWRELIC_ENABLE=false environment variable or modify the "development" section of your newrelic.yml.
** [NewRelic][07/02/14 10:28:09 +0000 ip-172-31-9-58 (1851)] INFO : Reading configuration from config/newrelic.yml
** [NewRelic][07/02/14 10:28:09 +0000 ip-172-31-9-58 (1851)] WARN : Agent is configured to send raw SQL to the service
** [NewRelic][07/02/14 10:28:09 +0000 ip-172-31-9-58 (1851)] INFO : Enabling the Request Sampler.
** [NewRelic][07/02/14 10:28:09 +0000 ip-172-31-9-58 (1851)] INFO : Enabling the Request Sampler.
** [NewRelic][07/02/14 10:28:09 +0000 ip-172-31-9-58 (1851)] INFO : Environment: development
** [NewRelic][07/02/14 10:28:09 +0000 ip-172-31-9-58 (1851)] INFO : Dispatcher: unicorn
** [NewRelic][07/02/14 10:28:09 +0000 ip-172-31-9-58 (1851)] INFO : Application: forum-newrelic-app
** [NewRelic][07/02/14 10:28:09 +0000 ip-172-31-9-58 (1851)] WARN : Agent configured not to send data in this environment.
** [NewRelic][07/02/14 10:28:09 +0000 ip-172-31-9-58 (1851)] INFO : Installing Dalli Memcache instrumentation
** [NewRelic][07/02/14 10:28:09 +0000 ip-172-31-9-58 (1851)] INFO : Installing Unicorn instrumentation
** [NewRelic][07/02/14 10:28:09 +0000 ip-172-31-9-58 (1851)] INFO : Detected Unicorn, please see additional documentation: https://newrelic.com/docs/troubleshooting/im-using-unicorn-and-i-dont-see-any-data
** [NewRelic][07/02/14 10:28:09 +0000 ip-172-31-9-58 (1851)] INFO : Installing Net instrumentation
** [NewRelic][07/02/14 10:28:09 +0000 ip-172-31-9-58 (1851)] INFO : Installing Sinatra instrumentation
** [NewRelic][07/02/14 10:28:09 +0000 ip-172-31-9-58 (1851)] INFO : Installing deferred Rack instrumentation
** [NewRelic][07/02/14 10:28:09 +0000 ip-172-31-9-58 (1851)] INFO : Installing DelayedJob instrumentation [part 1/2]
** [NewRelic][07/02/14 10:28:09 +0000 ip-172-31-9-58 (1851)] INFO : Finished instrumentation
** [NewRelic][07/02/14 10:28:09 +0000 ip-172-31-9-58 (1851)] INFO : NewRelic::Agent::Samplers::DelayedJobSampler not available: No DJ worker present
** [NewRelic][07/02/14 10:28:10 +0000 ip-172-31-9-58 (1851)] ERROR : Did not trace ThreadUtils#get_read_states because that method does not exist
** [NewRelic][07/02/14 10:28:10 +0000 ip-172-31-9-58 (1851)] ERROR : Did not trace ThreadUtils#get_endorsed because that method does not exist
Error creating log directory log/, using standard out for logging.
** [NewRelic][07/02/14 10:28:13 +0000 ip-172-31-9-58 (1963)] INFO : Starting the New Relic agent in "development" environment.
** [NewRelic][07/02/14 10:28:13 +0000 ip-172-31-9-58 (1963)] INFO : To prevent agent startup add a NEWRELIC_ENABLE=false environment variable or modify the "development" section of your newrelic.yml.
** [NewRelic][07/02/14 10:28:13 +0000 ip-172-31-9-58 (1963)] INFO : Reading configuration from config/newrelic.yml
** [NewRelic][07/02/14 10:28:13 +0000 ip-172-31-9-58 (1963)] WARN : Agent is configured to send raw SQL to the service
** [NewRelic][07/02/14 10:28:13 +0000 ip-172-31-9-58 (1963)] INFO : Enabling the Request Sampler.
** [NewRelic][07/02/14 10:28:13 +0000 ip-172-31-9-58 (1963)] INFO : Enabling the Request Sampler.
** [NewRelic][07/02/14 10:28:13 +0000 ip-172-31-9-58 (1963)] INFO : Environment: development
** [NewRelic][07/02/14 10:28:13 +0000 ip-172-31-9-58 (1963)] INFO : Dispatcher: unicorn
** [NewRelic][07/02/14 10:28:13 +0000 ip-172-31-9-58 (1963)] INFO : Application: forum-newrelic-app
** [NewRelic][07/02/14 10:28:13 +0000 ip-172-31-9-58 (1963)] WARN : Agent configured not to send data in this environment.
** [NewRelic][07/02/14 10:28:13 +0000 ip-172-31-9-58 (1963)] INFO : Installing Dalli Memcache instrumentation
** [NewRelic][07/02/14 10:28:13 +0000 ip-172-31-9-58 (1963)] INFO : Installing Unicorn instrumentation
** [NewRelic][07/02/14 10:28:13 +0000 ip-172-31-9-58 (1963)] INFO : Detected Unicorn, please see additional documentation: https://newrelic.com/docs/troubleshooting/im-using-unicorn-and-i-dont-see-any-data
** [NewRelic][07/02/14 10:28:13 +0000 ip-172-31-9-58 (1963)] INFO : Installing Net instrumentation
** [NewRelic][07/02/14 10:28:13 +0000 ip-172-31-9-58 (1963)] INFO : Installing Sinatra instrumentation
** [NewRelic][07/02/14 10:28:13 +0000 ip-172-31-9-58 (1963)] INFO : Installing deferred Rack instrumentation
** [NewRelic][07/02/14 10:28:13 +0000 ip-172-31-9-58 (1963)] INFO : Installing DelayedJob instrumentation [part 1/2]
** [NewRelic][07/02/14 10:28:13 +0000 ip-172-31-9-58 (1963)] INFO : Finished instrumentation
** [NewRelic][07/02/14 10:28:13 +0000 ip-172-31-9-58 (1963)] INFO : NewRelic::Agent::Samplers::DelayedJobSampler not available: No DJ worker present
** [NewRelic][07/02/14 10:28:13 +0000 ip-172-31-9-58 (1963)] ERROR : Did not trace ThreadUtils#get_read_states because that method does not exist
** [NewRelic][07/02/14 10:28:13 +0000 ip-172-31-9-58 (1963)] ERROR : Did not trace ThreadUtils#get_endorsed because that method does not exist
Error creating log directory log/, using standard out for logging.
** [NewRelic][07/02/14 10:28:16 +0000 ip-172-31-9-58 (2061)] INFO : Starting the New Relic agent in "development" environment.
** [NewRelic][07/02/14 10:28:16 +0000 ip-172-31-9-58 (2061)] INFO : To prevent agent startup add a NEWRELIC_ENABLE=false environment variable or modify the "development" section of your newrelic.yml.
** [NewRelic][07/02/14 10:28:16 +0000 ip-172-31-9-58 (2061)] INFO : Reading configuration from config/newrelic.yml
** [NewRelic][07/02/14 10:28:16 +0000 ip-172-31-9-58 (2061)] WARN : Agent is configured to send raw SQL to the service
** [NewRelic][07/02/14 10:28:16 +0000 ip-172-31-9-58 (2061)] INFO : Enabling the Request Sampler.
** [NewRelic][07/02/14 10:28:16 +0000 ip-172-31-9-58 (2061)] INFO : Enabling the Request Sampler.
** [NewRelic][07/02/14 10:28:16 +0000 ip-172-31-9-58 (2061)] INFO : Environment: development
** [NewRelic][07/02/14 10:28:16 +0000 ip-172-31-9-58 (2061)] INFO : Dispatcher: unicorn
** [NewRelic][07/02/14 10:28:16 +0000 ip-172-31-9-58 (2061)] INFO : Application: forum-newrelic-app
** [NewRelic][07/02/14 10:28:16 +0000 ip-172-31-9-58 (2061)] WARN : Agent configured not to send data in this environment.
** [NewRelic][07/02/14 10:28:16 +0000 ip-172-31-9-58 (2061)] INFO : Installing Dalli Memcache instrumentation
** [NewRelic][07/02/14 10:28:16 +0000 ip-172-31-9-58 (2061)] INFO : Installing Unicorn instrumentation
** [NewRelic][07/02/14 10:28:16 +0000 ip-172-31-9-58 (2061)] INFO : Detected Unicorn, please see additional documentation: https://newrelic.com/docs/troubleshooting/im-using-unicorn-and-i-dont-see-any-data
** [NewRelic][07/02/14 10:28:16 +0000 ip-172-31-9-58 (2061)] INFO : Installing Net instrumentation
** [NewRelic][07/02/14 10:28:16 +0000 ip-172-31-9-58 (2061)] INFO : Installing Sinatra instrumentation
** [NewRelic][07/02/14 10:28:16 +0000 ip-172-31-9-58 (2061)] INFO : Installing deferred Rack instrumentation
** [NewRelic][07/02/14 10:28:16 +0000 ip-172-31-9-58 (2061)] INFO : Installing DelayedJob instrumentation [part 1/2]
** [NewRelic][07/02/14 10:28:16 +0000 ip-172-31-9-58 (2061)] INFO : Finished instrumentation
** [NewRelic][07/02/14 10:28:16 +0000 ip-172-31-9-58 (2061)] INFO : NewRelic::Agent::Samplers::DelayedJobSampler not available: No DJ worker present
** [NewRelic][07/02/14 10:28:16 +0000 ip-172-31-9-58 (2061)] ERROR : Did not trace ThreadUtils#get_read_states because that method does not exist
** [NewRelic][07/02/14 10:28:16 +0000 ip-172-31-9-58 (2061)] ERROR : Did not trace ThreadUtils#get_endorsed because that method does not exist
** [NewRelic][07/02/14 10:28:16 +0000 ip-172-31-9-58 (2061)] INFO : Doing deferred dependency-detection before Rack startup
** [NewRelic][07/02/14 10:28:16 +0000 ip-172-31-9-58 (2061)] INFO : Installing Moped instrumentation
Error creating log directory log/, using standard out for logging.
** [NewRelic][07/02/14 11:21:45 +0000 ip-172-31-9-58 (1318)] INFO : Starting the New Relic agent in "development" environment.
** [NewRelic][07/02/14 11:21:45 +0000 ip-172-31-9-58 (1318)] INFO : To prevent agent startup add a NEWRELIC_ENABLE=false environment variable or modify the "development" section of your newrelic.yml.
** [NewRelic][07/02/14 11:21:45 +0000 ip-172-31-9-58 (1318)] INFO : Reading configuration from config/newrelic.yml
** [NewRelic][07/02/14 11:21:45 +0000 ip-172-31-9-58 (1318)] WARN : Agent is configured to send raw SQL to the service
** [NewRelic][07/02/14 11:21:45 +0000 ip-172-31-9-58 (1318)] INFO : Enabling the Request Sampler.
** [NewRelic][07/02/14 11:21:45 +0000 ip-172-31-9-58 (1318)] INFO : Enabling the Request Sampler.
** [NewRelic][07/02/14 11:21:45 +0000 ip-172-31-9-58 (1318)] INFO : Environment: development
** [NewRelic][07/02/14 11:21:45 +0000 ip-172-31-9-58 (1318)] INFO : Dispatcher: unicorn
** [NewRelic][07/02/14 11:21:45 +0000 ip-172-31-9-58 (1318)] INFO : Application: forum-newrelic-app
** [NewRelic][07/02/14 11:21:45 +0000 ip-172-31-9-58 (1318)] WARN : Agent configured not to send data in this environment.
** [NewRelic][07/02/14 11:21:45 +0000 ip-172-31-9-58 (1318)] INFO : Installing Dalli Memcache instrumentation
** [NewRelic][07/02/14 11:21:45 +0000 ip-172-31-9-58 (1318)] INFO : Installing Unicorn instrumentation
** [NewRelic][07/02/14 11:21:45 +0000 ip-172-31-9-58 (1318)] INFO : Detected Unicorn, please see additional documentation: https://newrelic.com/docs/troubleshooting/im-using-unicorn-and-i-dont-see-any-data
** [NewRelic][07/02/14 11:21:45 +0000 ip-172-31-9-58 (1318)] INFO : Installing Net instrumentation
** [NewRelic][07/02/14 11:21:45 +0000 ip-172-31-9-58 (1318)] INFO : Installing Sinatra instrumentation
** [NewRelic][07/02/14 11:21:45 +0000 ip-172-31-9-58 (1318)] INFO : Installing deferred Rack instrumentation
** [NewRelic][07/02/14 11:21:45 +0000 ip-172-31-9-58 (1318)] INFO : Installing DelayedJob instrumentation [part 1/2]
** [NewRelic][07/02/14 11:21:45 +0000 ip-172-31-9-58 (1318)] INFO : Finished instrumentation
** [NewRelic][07/02/14 11:21:45 +0000 ip-172-31-9-58 (1318)] INFO : NewRelic::Agent::Samplers::DelayedJobSampler not available: No DJ worker present
** [NewRelic][07/02/14 11:21:46 +0000 ip-172-31-9-58 (1318)] ERROR : Did not trace ThreadUtils#get_read_states because that method does not exist
** [NewRelic][07/02/14 11:21:46 +0000 ip-172-31-9-58 (1318)] ERROR : Did not trace ThreadUtils#get_endorsed because that method does not exist
** [NewRelic][07/02/14 11:21:46 +0000 ip-172-31-9-58 (1318)] INFO : Doing deferred dependency-detection before Rack startup
** [NewRelic][07/02/14 11:21:46 +0000 ip-172-31-9-58 (1318)] INFO : Installing Moped instrumentation
Error creating log directory log/, using standard out for logging.
** [NewRelic][07/04/14 13:39:59 +0000 ip-172-31-9-58 (1291)] INFO : Starting the New Relic agent in "development" environment.
** [NewRelic][07/04/14 13:39:59 +0000 ip-172-31-9-58 (1291)] INFO : To prevent agent startup add a NEWRELIC_ENABLE=false environment variable or modify the "development" section of your newrelic.yml.
** [NewRelic][07/04/14 13:39:59 +0000 ip-172-31-9-58 (1291)] INFO : Reading configuration from config/newrelic.yml
** [NewRelic][07/04/14 13:39:59 +0000 ip-172-31-9-58 (1291)] WARN : Agent is configured to send raw SQL to the service
** [NewRelic][07/04/14 13:39:59 +0000 ip-172-31-9-58 (1291)] INFO : Enabling the Request Sampler.
** [NewRelic][07/04/14 13:39:59 +0000 ip-172-31-9-58 (1291)] INFO : Enabling the Request Sampler.
** [NewRelic][07/04/14 13:39:59 +0000 ip-172-31-9-58 (1291)] INFO : Environment: development
** [NewRelic][07/04/14 13:39:59 +0000 ip-172-31-9-58 (1291)] INFO : Dispatcher: unicorn
** [NewRelic][07/04/14 13:39:59 +0000 ip-172-31-9-58 (1291)] INFO : Application: forum-newrelic-app
** [NewRelic][07/04/14 13:39:59 +0000 ip-172-31-9-58 (1291)] WARN : Agent configured not to send data in this environment.
** [NewRelic][07/04/14 13:39:59 +0000 ip-172-31-9-58 (1291)] INFO : Installing Dalli Memcache instrumentation
** [NewRelic][07/04/14 13:39:59 +0000 ip-172-31-9-58 (1291)] INFO : Installing Unicorn instrumentation
** [NewRelic][07/04/14 13:39:59 +0000 ip-172-31-9-58 (1291)] INFO : Detected Unicorn, please see additional documentation: https://newrelic.com/docs/troubleshooting/im-using-unicorn-and-i-dont-see-any-data
** [NewRelic][07/04/14 13:39:59 +0000 ip-172-31-9-58 (1291)] INFO : Installing Net instrumentation
** [NewRelic][07/04/14 13:39:59 +0000 ip-172-31-9-58 (1291)] INFO : Installing Sinatra instrumentation
** [NewRelic][07/04/14 13:39:59 +0000 ip-172-31-9-58 (1291)] INFO : Installing deferred Rack instrumentation
** [NewRelic][07/04/14 13:39:59 +0000 ip-172-31-9-58 (1291)] INFO : Installing DelayedJob instrumentation [part 1/2]
** [NewRelic][07/04/14 13:39:59 +0000 ip-172-31-9-58 (1291)] INFO : Finished instrumentation
** [NewRelic][07/04/14 13:39:59 +0000 ip-172-31-9-58 (1291)] INFO : NewRelic::Agent::Samplers::DelayedJobSampler not available: No DJ worker present
** [NewRelic][07/04/14 13:40:00 +0000 ip-172-31-9-58 (1291)] ERROR : Did not trace ThreadUtils#get_read_states because that method does not exist
** [NewRelic][07/04/14 13:40:00 +0000 ip-172-31-9-58 (1291)] ERROR : Did not trace ThreadUtils#get_endorsed because that method does not exist
** [NewRelic][07/04/14 13:40:00 +0000 ip-172-31-9-58 (1291)] INFO : Doing deferred dependency-detection before Rack startup
** [NewRelic][07/04/14 13:40:00 +0000 ip-172-31-9-58 (1291)] INFO : Installing Moped instrumentation
Error creating log directory log/, using standard out for logging.
** [NewRelic][07/16/14 18:12:44 +0000 ip-172-31-9-58 (29154)] INFO : Starting the New Relic agent in "development" environment.
** [NewRelic][07/16/14 18:12:44 +0000 ip-172-31-9-58 (29154)] INFO : To prevent agent startup add a NEWRELIC_ENABLE=false environment variable or modify the "development" section of your newrelic.yml.
** [NewRelic][07/16/14 18:12:44 +0000 ip-172-31-9-58 (29154)] INFO : Reading configuration from config/newrelic.yml
** [NewRelic][07/16/14 18:12:44 +0000 ip-172-31-9-58 (29154)] WARN : Agent is configured to send raw SQL to the service
** [NewRelic][07/16/14 18:12:44 +0000 ip-172-31-9-58 (29154)] INFO : Enabling the Request Sampler.
** [NewRelic][07/16/14 18:12:44 +0000 ip-172-31-9-58 (29154)] INFO : Enabling the Request Sampler.
** [NewRelic][07/16/14 18:12:44 +0000 ip-172-31-9-58 (29154)] INFO : Environment: development
** [NewRelic][07/16/14 18:12:44 +0000 ip-172-31-9-58 (29154)] INFO : Dispatcher: unicorn
** [NewRelic][07/16/14 18:12:44 +0000 ip-172-31-9-58 (29154)] INFO : Application: forum-newrelic-app
** [NewRelic][07/16/14 18:12:44 +0000 ip-172-31-9-58 (29154)] WARN : Agent configured not to send data in this environment.
** [NewRelic][07/16/14 18:12:44 +0000 ip-172-31-9-58 (29154)] INFO : Installing Dalli Memcache instrumentation
** [NewRelic][07/16/14 18:12:44 +0000 ip-172-31-9-58 (29154)] INFO : Installing Unicorn instrumentation
** [NewRelic][07/16/14 18:12:44 +0000 ip-172-31-9-58 (29154)] INFO : Detected Unicorn, please see additional documentation: https://newrelic.com/docs/troubleshooting/im-using-unicorn-and-i-dont-see-any-data
** [NewRelic][07/16/14 18:12:44 +0000 ip-172-31-9-58 (29154)] INFO : Installing Net instrumentation
** [NewRelic][07/16/14 18:12:44 +0000 ip-172-31-9-58 (29154)] INFO : Installing Sinatra instrumentation
** [NewRelic][07/16/14 18:12:44 +0000 ip-172-31-9-58 (29154)] INFO : Installing deferred Rack instrumentation
** [NewRelic][07/16/14 18:12:44 +0000 ip-172-31-9-58 (29154)] INFO : Installing DelayedJob instrumentation [part 1/2]
** [NewRelic][07/16/14 18:12:44 +0000 ip-172-31-9-58 (29154)] INFO : Finished instrumentation
** [NewRelic][07/16/14 18:12:44 +0000 ip-172-31-9-58 (29154)] INFO : NewRelic::Agent::Samplers::DelayedJobSampler not available: No DJ worker present
** [NewRelic][07/16/14 18:12:44 +0000 ip-172-31-9-58 (29154)] ERROR : Did not trace ThreadUtils#get_read_states because that method does not exist
** [NewRelic][07/16/14 18:12:44 +0000 ip-172-31-9-58 (29154)] ERROR : Did not trace ThreadUtils#get_endorsed because that method does not exist
** [NewRelic][07/16/14 18:12:44 +0000 ip-172-31-9-58 (29154)] INFO : Doing deferred dependency-detection before Rack startup
** [NewRelic][07/16/14 18:12:44 +0000 ip-172-31-9-58 (29154)] INFO : Installing Moped instrumentation
Error creating log directory log/, using standard out for logging.
** [NewRelic][07/16/14 18:33:09 +0000 ip-172-31-9-58 (30005)] INFO : Starting the New Relic agent in "development" environment.
** [NewRelic][07/16/14 18:33:09 +0000 ip-172-31-9-58 (30005)] INFO : To prevent agent startup add a NEWRELIC_ENABLE=false environment variable or modify the "development" section of your newrelic.yml.
** [NewRelic][07/16/14 18:33:09 +0000 ip-172-31-9-58 (30005)] INFO : Reading configuration from config/newrelic.yml
** [NewRelic][07/16/14 18:33:09 +0000 ip-172-31-9-58 (30005)] WARN : Agent is configured to send raw SQL to the service
** [NewRelic][07/16/14 18:33:09 +0000 ip-172-31-9-58 (30005)] INFO : Enabling the Request Sampler.
** [NewRelic][07/16/14 18:33:09 +0000 ip-172-31-9-58 (30005)] INFO : Enabling the Request Sampler.
** [NewRelic][07/16/14 18:33:09 +0000 ip-172-31-9-58 (30005)] INFO : Environment: development
** [NewRelic][07/16/14 18:33:09 +0000 ip-172-31-9-58 (30005)] INFO : Dispatcher: unicorn
** [NewRelic][07/16/14 18:33:09 +0000 ip-172-31-9-58 (30005)] INFO : Application: forum-newrelic-app
** [NewRelic][07/16/14 18:33:09 +0000 ip-172-31-9-58 (30005)] WARN : Agent configured not to send data in this environment.
** [NewRelic][07/16/14 18:33:09 +0000 ip-172-31-9-58 (30005)] INFO : Installing Dalli Memcache instrumentation
** [NewRelic][07/16/14 18:33:09 +0000 ip-172-31-9-58 (30005)] INFO : Installing Unicorn instrumentation
** [NewRelic][07/16/14 18:33:09 +0000 ip-172-31-9-58 (30005)] INFO : Detected Unicorn, please see additional documentation: https://newrelic.com/docs/troubleshooting/im-using-unicorn-and-i-dont-see-any-data
** [NewRelic][07/16/14 18:33:09 +0000 ip-172-31-9-58 (30005)] INFO : Installing Net instrumentation
** [NewRelic][07/16/14 18:33:09 +0000 ip-172-31-9-58 (30005)] INFO : Installing Sinatra instrumentation
** [NewRelic][07/16/14 18:33:09 +0000 ip-172-31-9-58 (30005)] INFO : Installing deferred Rack instrumentation
** [NewRelic][07/16/14 18:33:09 +0000 ip-172-31-9-58 (30005)] INFO : Installing DelayedJob instrumentation [part 1/2]
** [NewRelic][07/16/14 18:33:09 +0000 ip-172-31-9-58 (30005)] INFO : Finished instrumentation
** [NewRelic][07/16/14 18:33:09 +0000 ip-172-31-9-58 (30005)] INFO : NewRelic::Agent::Samplers::DelayedJobSampler not available: No DJ worker present
** [NewRelic][07/16/14 18:33:09 +0000 ip-172-31-9-58 (30005)] ERROR : Did not trace ThreadUtils#get_read_states because that method does not exist
** [NewRelic][07/16/14 18:33:09 +0000 ip-172-31-9-58 (30005)] ERROR : Did not trace ThreadUtils#get_endorsed because that method does not exist
** [NewRelic][07/16/14 18:33:09 +0000 ip-172-31-9-58 (30005)] INFO : Doing deferred dependency-detection before Rack startup
** [NewRelic][07/16/14 18:33:09 +0000 ip-172-31-9-58 (30005)] INFO : Installing Moped instrumentation
Error creating log directory log/, using standard out for logging.
** [NewRelic][07/16/14 18:40:32 +0000 ip-172-31-9-58 (30254)] INFO : Starting the New Relic agent in "development" environment.
** [NewRelic][07/16/14 18:40:32 +0000 ip-172-31-9-58 (30254)] INFO : To prevent agent startup add a NEWRELIC_ENABLE=false environment variable or modify the "development" section of your newrelic.yml.
** [NewRelic][07/16/14 18:40:32 +0000 ip-172-31-9-58 (30254)] INFO : Reading configuration from config/newrelic.yml
** [NewRelic][07/16/14 18:40:32 +0000 ip-172-31-9-58 (30254)] WARN : Agent is configured to send raw SQL to the service
** [NewRelic][07/16/14 18:40:32 +0000 ip-172-31-9-58 (30254)] INFO : Enabling the Request Sampler.
** [NewRelic][07/16/14 18:40:32 +0000 ip-172-31-9-58 (30254)] INFO : Enabling the Request Sampler.
** [NewRelic][07/16/14 18:40:32 +0000 ip-172-31-9-58 (30254)] INFO : Environment: development
** [NewRelic][07/16/14 18:40:32 +0000 ip-172-31-9-58 (30254)] INFO : Dispatcher: unicorn
** [NewRelic][07/16/14 18:40:32 +0000 ip-172-31-9-58 (30254)] INFO : Application: forum-newrelic-app
** [NewRelic][07/16/14 18:40:32 +0000 ip-172-31-9-58 (30254)] WARN : Agent configured not to send data in this environment.
** [NewRelic][07/16/14 18:40:32 +0000 ip-172-31-9-58 (30254)] INFO : Installing Dalli Memcache instrumentation
** [NewRelic][07/16/14 18:40:32 +0000 ip-172-31-9-58 (30254)] INFO : Installing Unicorn instrumentation
** [NewRelic][07/16/14 18:40:32 +0000 ip-172-31-9-58 (30254)] INFO : Detected Unicorn, please see additional documentation: https://newrelic.com/docs/troubleshooting/im-using-unicorn-and-i-dont-see-any-data
** [NewRelic][07/16/14 18:40:32 +0000 ip-172-31-9-58 (30254)] INFO : Installing Net instrumentation
** [NewRelic][07/16/14 18:40:32 +0000 ip-172-31-9-58 (30254)] INFO : Installing Sinatra instrumentation
** [NewRelic][07/16/14 18:40:32 +0000 ip-172-31-9-58 (30254)] INFO : Installing deferred Rack instrumentation
** [NewRelic][07/16/14 18:40:32 +0000 ip-172-31-9-58 (30254)] INFO : Installing DelayedJob instrumentation [part 1/2]
** [NewRelic][07/16/14 18:40:32 +0000 ip-172-31-9-58 (30254)] INFO : Finished instrumentation
** [NewRelic][07/16/14 18:40:32 +0000 ip-172-31-9-58 (30254)] INFO : NewRelic::Agent::Samplers::DelayedJobSampler not available: No DJ worker present
** [NewRelic][07/16/14 18:40:32 +0000 ip-172-31-9-58 (30254)] ERROR : Did not trace ThreadUtils#get_read_states because that method does not exist
** [NewRelic][07/16/14 18:40:32 +0000 ip-172-31-9-58 (30254)] ERROR : Did not trace ThreadUtils#get_endorsed because that method does not exist
** [NewRelic][07/16/14 18:40:32 +0000 ip-172-31-9-58 (30254)] INFO : Doing deferred dependency-detection before Rack startup
** [NewRelic][07/16/14 18:40:32 +0000 ip-172-31-9-58 (30254)] INFO : Installing Moped instrumentation
Error creating log directory log/, using standard out for logging.
** [NewRelic][07/16/14 20:20:46 +0000 ip-172-31-9-58 (458)] INFO : Starting the New Relic agent in "development" environment.
** [NewRelic][07/16/14 20:20:46 +0000 ip-172-31-9-58 (458)] INFO : To prevent agent startup add a NEWRELIC_ENABLE=false environment variable or modify the "development" section of your newrelic.yml.
** [NewRelic][07/16/14 20:20:46 +0000 ip-172-31-9-58 (458)] INFO : Reading configuration from config/newrelic.yml
** [NewRelic][07/16/14 20:20:46 +0000 ip-172-31-9-58 (458)] WARN : Agent is configured to send raw SQL to the service
** [NewRelic][07/16/14 20:20:46 +0000 ip-172-31-9-58 (458)] INFO : Enabling the Request Sampler.
** [NewRelic][07/16/14 20:20:46 +0000 ip-172-31-9-58 (458)] INFO : Enabling the Request Sampler.
** [NewRelic][07/16/14 20:20:46 +0000 ip-172-31-9-58 (458)] INFO : Environment: development
** [NewRelic][07/16/14 20:20:46 +0000 ip-172-31-9-58 (458)] INFO : Dispatcher: unicorn
** [NewRelic][07/16/14 20:20:46 +0000 ip-172-31-9-58 (458)] INFO : Application: forum-newrelic-app
** [NewRelic][07/16/14 20:20:46 +0000 ip-172-31-9-58 (458)] WARN : Agent configured not to send data in this environment.
** [NewRelic][07/16/14 20:20:46 +0000 ip-172-31-9-58 (458)] INFO : Installing Dalli Memcache instrumentation
** [NewRelic][07/16/14 20:20:46 +0000 ip-172-31-9-58 (458)] INFO : Installing Unicorn instrumentation
** [NewRelic][07/16/14 20:20:46 +0000 ip-172-31-9-58 (458)] INFO : Detected Unicorn, please see additional documentation: https://newrelic.com/docs/troubleshooting/im-using-unicorn-and-i-dont-see-any-data
** [NewRelic][07/16/14 20:20:46 +0000 ip-172-31-9-58 (458)] INFO : Installing Net instrumentation
** [NewRelic][07/16/14 20:20:46 +0000 ip-172-31-9-58 (458)] INFO : Installing Sinatra instrumentation
** [NewRelic][07/16/14 20:20:46 +0000 ip-172-31-9-58 (458)] INFO : Installing deferred Rack instrumentation
** [NewRelic][07/16/14 20:20:46 +0000 ip-172-31-9-58 (458)] INFO : Installing DelayedJob instrumentation [part 1/2]
** [NewRelic][07/16/14 20:20:46 +0000 ip-172-31-9-58 (458)] INFO : Finished instrumentation
** [NewRelic][07/16/14 20:20:46 +0000 ip-172-31-9-58 (458)] INFO : NewRelic::Agent::Samplers::DelayedJobSampler not available: No DJ worker present
** [NewRelic][07/16/14 20:20:46 +0000 ip-172-31-9-58 (458)] ERROR : Did not trace ThreadUtils#get_read_states because that method does not exist
** [NewRelic][07/16/14 20:20:46 +0000 ip-172-31-9-58 (458)] ERROR : Did not trace ThreadUtils#get_endorsed because that method does not exist
** [NewRelic][07/16/14 20:20:46 +0000 ip-172-31-9-58 (458)] INFO : Doing deferred dependency-detection before Rack startup
** [NewRelic][07/16/14 20:20:46 +0000 ip-172-31-9-58 (458)] INFO : Installing Moped instrumentation
Error creating log directory log/, using standard out for logging.
** [NewRelic][07/16/14 20:22:08 +0000 ip-172-31-9-58 (584)] INFO : Starting the New Relic agent in "development" environment.
** [NewRelic][07/16/14 20:22:08 +0000 ip-172-31-9-58 (584)] INFO : To prevent agent startup add a NEWRELIC_ENABLE=false environment variable or modify the "development" section of your newrelic.yml.
** [NewRelic][07/16/14 20:22:08 +0000 ip-172-31-9-58 (584)] INFO : Reading configuration from config/newrelic.yml
** [NewRelic][07/16/14 20:22:08 +0000 ip-172-31-9-58 (584)] WARN : Agent is configured to send raw SQL to the service
** [NewRelic][07/16/14 20:22:08 +0000 ip-172-31-9-58 (584)] INFO : Enabling the Request Sampler.
** [NewRelic][07/16/14 20:22:08 +0000 ip-172-31-9-58 (584)] INFO : Enabling the Request Sampler.
** [NewRelic][07/16/14 20:22:08 +0000 ip-172-31-9-58 (584)] INFO : Environment: development
** [NewRelic][07/16/14 20:22:08 +0000 ip-172-31-9-58 (584)] INFO : Dispatcher: unicorn
** [NewRelic][07/16/14 20:22:08 +0000 ip-172-31-9-58 (584)] INFO : Application: forum-newrelic-app
** [NewRelic][07/16/14 20:22:08 +0000 ip-172-31-9-58 (584)] WARN : Agent configured not to send data in this environment.
** [NewRelic][07/16/14 20:22:09 +0000 ip-172-31-9-58 (584)] INFO : Installing Dalli Memcache instrumentation
** [NewRelic][07/16/14 20:22:09 +0000 ip-172-31-9-58 (584)] INFO : Installing Unicorn instrumentation
** [NewRelic][07/16/14 20:22:09 +0000 ip-172-31-9-58 (584)] INFO : Detected Unicorn, please see additional documentation: https://newrelic.com/docs/troubleshooting/im-using-unicorn-and-i-dont-see-any-data
** [NewRelic][07/16/14 20:22:09 +0000 ip-172-31-9-58 (584)] INFO : Installing Net instrumentation
** [NewRelic][07/16/14 20:22:09 +0000 ip-172-31-9-58 (584)] INFO : Installing Sinatra instrumentation
** [NewRelic][07/16/14 20:22:09 +0000 ip-172-31-9-58 (584)] INFO : Installing deferred Rack instrumentation
** [NewRelic][07/16/14 20:22:09 +0000 ip-172-31-9-58 (584)] INFO : Installing DelayedJob instrumentation [part 1/2]
** [NewRelic][07/16/14 20:22:09 +0000 ip-172-31-9-58 (584)] INFO : Finished instrumentation
** [NewRelic][07/16/14 20:22:09 +0000 ip-172-31-9-58 (584)] INFO : NewRelic::Agent::Samplers::DelayedJobSampler not available: No DJ worker present
** [NewRelic][07/16/14 20:22:09 +0000 ip-172-31-9-58 (584)] ERROR : Did not trace ThreadUtils#get_read_states because that method does not exist
** [NewRelic][07/16/14 20:22:09 +0000 ip-172-31-9-58 (584)] ERROR : Did not trace ThreadUtils#get_endorsed because that method does not exist
** [NewRelic][07/16/14 20:22:09 +0000 ip-172-31-9-58 (584)] INFO : Doing deferred dependency-detection before Rack startup
** [NewRelic][07/16/14 20:22:09 +0000 ip-172-31-9-58 (584)] INFO : Installing Moped instrumentation
Error creating log directory log/, using standard out for logging.
** [NewRelic][07/16/14 20:24:29 +0000 ip-172-31-9-58 (747)] INFO : Starting the New Relic agent in "development" environment.
** [NewRelic][07/16/14 20:24:29 +0000 ip-172-31-9-58 (747)] INFO : To prevent agent startup add a NEWRELIC_ENABLE=false environment variable or modify the "development" section of your newrelic.yml.
** [NewRelic][07/16/14 20:24:29 +0000 ip-172-31-9-58 (747)] INFO : Reading configuration from config/newrelic.yml
** [NewRelic][07/16/14 20:24:29 +0000 ip-172-31-9-58 (747)] WARN : Agent is configured to send raw SQL to the service
** [NewRelic][07/16/14 20:24:29 +0000 ip-172-31-9-58 (747)] INFO : Enabling the Request Sampler.
** [NewRelic][07/16/14 20:24:29 +0000 ip-172-31-9-58 (747)] INFO : Enabling the Request Sampler.
** [NewRelic][07/16/14 20:24:29 +0000 ip-172-31-9-58 (747)] INFO : Environment: development
** [NewRelic][07/16/14 20:24:29 +0000 ip-172-31-9-58 (747)] INFO : Dispatcher: unicorn
** [NewRelic][07/16/14 20:24:29 +0000 ip-172-31-9-58 (747)] INFO : Application: forum-newrelic-app
** [NewRelic][07/16/14 20:24:29 +0000 ip-172-31-9-58 (747)] WARN : Agent configured not to send data in this environment.
** [NewRelic][07/16/14 20:24:29 +0000 ip-172-31-9-58 (747)] INFO : Installing Dalli Memcache instrumentation
** [NewRelic][07/16/14 20:24:29 +0000 ip-172-31-9-58 (747)] INFO : Installing Unicorn instrumentation
** [NewRelic][07/16/14 20:24:29 +0000 ip-172-31-9-58 (747)] INFO : Detected Unicorn, please see additional documentation: https://newrelic.com/docs/troubleshooting/im-using-unicorn-and-i-dont-see-any-data
** [NewRelic][07/16/14 20:24:29 +0000 ip-172-31-9-58 (747)] INFO : Installing Net instrumentation
** [NewRelic][07/16/14 20:24:29 +0000 ip-172-31-9-58 (747)] INFO : Installing Sinatra instrumentation
** [NewRelic][07/16/14 20:24:29 +0000 ip-172-31-9-58 (747)] INFO : Installing deferred Rack instrumentation
** [NewRelic][07/16/14 20:24:29 +0000 ip-172-31-9-58 (747)] INFO : Installing DelayedJob instrumentation [part 1/2]
** [NewRelic][07/16/14 20:24:29 +0000 ip-172-31-9-58 (747)] INFO : Finished instrumentation
** [NewRelic][07/16/14 20:24:29 +0000 ip-172-31-9-58 (747)] INFO : NewRelic::Agent::Samplers::DelayedJobSampler not available: No DJ worker present
** [NewRelic][07/16/14 20:24:29 +0000 ip-172-31-9-58 (747)] ERROR : Did not trace ThreadUtils#get_read_states because that method does not exist
** [NewRelic][07/16/14 20:24:29 +0000 ip-172-31-9-58 (747)] ERROR : Did not trace ThreadUtils#get_endorsed because that method does not exist
** [NewRelic][07/16/14 20:24:29 +0000 ip-172-31-9-58 (747)] INFO : Doing deferred dependency-detection before Rack startup
** [NewRelic][07/16/14 20:24:29 +0000 ip-172-31-9-58 (747)] INFO : Installing Moped instrumentation
Error creating log directory log/, using standard out for logging.
** [NewRelic][07/16/14 20:40:56 +0000 ip-172-31-9-58 (1689)] INFO : Starting the New Relic agent in "development" environment.
** [NewRelic][07/16/14 20:40:56 +0000 ip-172-31-9-58 (1689)] INFO : To prevent agent startup add a NEWRELIC_ENABLE=false environment variable or modify the "development" section of your newrelic.yml.
** [NewRelic][07/16/14 20:40:56 +0000 ip-172-31-9-58 (1689)] INFO : Reading configuration from config/newrelic.yml
** [NewRelic][07/16/14 20:40:56 +0000 ip-172-31-9-58 (1689)] WARN : Agent is configured to send raw SQL to the service
** [NewRelic][07/16/14 20:40:56 +0000 ip-172-31-9-58 (1689)] INFO : Enabling the Request Sampler.
** [NewRelic][07/16/14 20:40:56 +0000 ip-172-31-9-58 (1689)] INFO : Enabling the Request Sampler.
** [NewRelic][07/16/14 20:40:56 +0000 ip-172-31-9-58 (1689)] INFO : Environment: development
** [NewRelic][07/16/14 20:40:56 +0000 ip-172-31-9-58 (1689)] INFO : Dispatcher: unicorn
** [NewRelic][07/16/14 20:40:56 +0000 ip-172-31-9-58 (1689)] INFO : Application: forum-newrelic-app
** [NewRelic][07/16/14 20:40:56 +0000 ip-172-31-9-58 (1689)] WARN : Agent configured not to send data in this environment.
** [NewRelic][07/16/14 20:40:56 +0000 ip-172-31-9-58 (1689)] INFO : Installing Dalli Memcache instrumentation
** [NewRelic][07/16/14 20:40:56 +0000 ip-172-31-9-58 (1689)] INFO : Installing Unicorn instrumentation
** [NewRelic][07/16/14 20:40:56 +0000 ip-172-31-9-58 (1689)] INFO : Detected Unicorn, please see additional documentation: https://newrelic.com/docs/troubleshooting/im-using-unicorn-and-i-dont-see-any-data
** [NewRelic][07/16/14 20:40:56 +0000 ip-172-31-9-58 (1689)] INFO : Installing Net instrumentation
** [NewRelic][07/16/14 20:40:56 +0000 ip-172-31-9-58 (1689)] INFO : Installing Sinatra instrumentation
** [NewRelic][07/16/14 20:40:56 +0000 ip-172-31-9-58 (1689)] INFO : Installing deferred Rack instrumentation
** [NewRelic][07/16/14 20:40:56 +0000 ip-172-31-9-58 (1689)] INFO : Installing DelayedJob instrumentation [part 1/2]
** [NewRelic][07/16/14 20:40:56 +0000 ip-172-31-9-58 (1689)] INFO : Finished instrumentation
** [NewRelic][07/16/14 20:40:56 +0000 ip-172-31-9-58 (1689)] INFO : NewRelic::Agent::Samplers::DelayedJobSampler not available: No DJ worker present
** [NewRelic][07/16/14 20:40:57 +0000 ip-172-31-9-58 (1689)] ERROR : Did not trace ThreadUtils#get_read_states because that method does not exist
** [NewRelic][07/16/14 20:40:57 +0000 ip-172-31-9-58 (1689)] ERROR : Did not trace ThreadUtils#get_endorsed because that method does not exist
** [NewRelic][07/16/14 20:40:57 +0000 ip-172-31-9-58 (1689)] INFO : Doing deferred dependency-detection before Rack startup
** [NewRelic][07/16/14 20:40:57 +0000 ip-172-31-9-58 (1689)] INFO : Installing Moped instrumentation
Error creating log directory log/, using standard out for logging.
** [NewRelic][07/16/14 20:41:37 +0000 ip-172-31-9-58 (1843)] INFO : Starting the New Relic agent in "development" environment.
** [NewRelic][07/16/14 20:41:37 +0000 ip-172-31-9-58 (1843)] INFO : To prevent agent startup add a NEWRELIC_ENABLE=false environment variable or modify the "development" section of your newrelic.yml.
** [NewRelic][07/16/14 20:41:37 +0000 ip-172-31-9-58 (1843)] INFO : Reading configuration from config/newrelic.yml
** [NewRelic][07/16/14 20:41:37 +0000 ip-172-31-9-58 (1843)] WARN : Agent is configured to send raw SQL to the service
** [NewRelic][07/16/14 20:41:37 +0000 ip-172-31-9-58 (1843)] INFO : Enabling the Request Sampler.
** [NewRelic][07/16/14 20:41:37 +0000 ip-172-31-9-58 (1843)] INFO : Enabling the Request Sampler.
** [NewRelic][07/16/14 20:41:37 +0000 ip-172-31-9-58 (1843)] INFO : Environment: development
** [NewRelic][07/16/14 20:41:37 +0000 ip-172-31-9-58 (1843)] INFO : Dispatcher: unicorn
** [NewRelic][07/16/14 20:41:37 +0000 ip-172-31-9-58 (1843)] INFO : Application: forum-newrelic-app
** [NewRelic][07/16/14 20:41:37 +0000 ip-172-31-9-58 (1843)] WARN : Agent configured not to send data in this environment.
** [NewRelic][07/16/14 20:41:37 +0000 ip-172-31-9-58 (1843)] INFO : Installing Dalli Memcache instrumentation
** [NewRelic][07/16/14 20:41:37 +0000 ip-172-31-9-58 (1843)] INFO : Installing Unicorn instrumentation
** [NewRelic][07/16/14 20:41:37 +0000 ip-172-31-9-58 (1843)] INFO : Detected Unicorn, please see additional documentation: https://newrelic.com/docs/troubleshooting/im-using-unicorn-and-i-dont-see-any-data
** [NewRelic][07/16/14 20:41:37 +0000 ip-172-31-9-58 (1843)] INFO : Installing Net instrumentation
** [NewRelic][07/16/14 20:41:37 +0000 ip-172-31-9-58 (1843)] INFO : Installing Sinatra instrumentation
** [NewRelic][07/16/14 20:41:37 +0000 ip-172-31-9-58 (1843)] INFO : Installing deferred Rack instrumentation
** [NewRelic][07/16/14 20:41:37 +0000 ip-172-31-9-58 (1843)] INFO : Installing DelayedJob instrumentation [part 1/2]
** [NewRelic][07/16/14 20:41:37 +0000 ip-172-31-9-58 (1843)] INFO : Finished instrumentation
** [NewRelic][07/16/14 20:41:37 +0000 ip-172-31-9-58 (1843)] INFO : NewRelic::Agent::Samplers::DelayedJobSampler not available: No DJ worker present
** [NewRelic][07/16/14 20:41:37 +0000 ip-172-31-9-58 (1843)] ERROR : Did not trace ThreadUtils#get_read_states because that method does not exist
** [NewRelic][07/16/14 20:41:37 +0000 ip-172-31-9-58 (1843)] ERROR : Did not trace ThreadUtils#get_endorsed because that method does not exist
** [NewRelic][07/16/14 20:41:38 +0000 ip-172-31-9-58 (1843)] INFO : Doing deferred dependency-detection before Rack startup
** [NewRelic][07/16/14 20:41:38 +0000 ip-172-31-9-58 (1843)] INFO : Installing Moped instrumentation
Error creating log directory log/, using standard out for logging.
** [NewRelic][09/29/14 00:12:43 +0000 ip-172-31-9-58 (1220)] INFO : Starting the New Relic agent in "development" environment.
** [NewRelic][09/29/14 00:12:43 +0000 ip-172-31-9-58 (1220)] INFO : To prevent agent startup add a NEWRELIC_ENABLE=false environment variable or modify the "development" section of your newrelic.yml.
** [NewRelic][09/29/14 00:12:43 +0000 ip-172-31-9-58 (1220)] INFO : Reading configuration from config/newrelic.yml
** [NewRelic][09/29/14 00:12:43 +0000 ip-172-31-9-58 (1220)] WARN : Agent is configured to send raw SQL to the service
** [NewRelic][09/29/14 00:12:43 +0000 ip-172-31-9-58 (1220)] INFO : Enabling the Request Sampler.
** [NewRelic][09/29/14 00:12:43 +0000 ip-172-31-9-58 (1220)] INFO : Enabling the Request Sampler.
** [NewRelic][09/29/14 00:12:43 +0000 ip-172-31-9-58 (1220)] INFO : Environment: development
** [NewRelic][09/29/14 00:12:43 +0000 ip-172-31-9-58 (1220)] INFO : Dispatcher: unicorn
** [NewRelic][09/29/14 00:12:43 +0000 ip-172-31-9-58 (1220)] INFO : Application: forum-newrelic-app
** [NewRelic][09/29/14 00:12:43 +0000 ip-172-31-9-58 (1220)] WARN : Agent configured not to send data in this environment.
** [NewRelic][09/29/14 00:12:43 +0000 ip-172-31-9-58 (1220)] INFO : Installing Dalli Memcache instrumentation
** [NewRelic][09/29/14 00:12:43 +0000 ip-172-31-9-58 (1220)] INFO : Installing Unicorn instrumentation
** [NewRelic][09/29/14 00:12:43 +0000 ip-172-31-9-58 (1220)] INFO : Detected Unicorn, please see additional documentation: https://newrelic.com/docs/troubleshooting/im-using-unicorn-and-i-dont-see-any-data
** [NewRelic][09/29/14 00:12:43 +0000 ip-172-31-9-58 (1220)] INFO : Installing Net instrumentation
** [NewRelic][09/29/14 00:12:43 +0000 ip-172-31-9-58 (1220)] INFO : Installing Sinatra instrumentation
** [NewRelic][09/29/14 00:12:43 +0000 ip-172-31-9-58 (1220)] INFO : Installing deferred Rack instrumentation
** [NewRelic][09/29/14 00:12:43 +0000 ip-172-31-9-58 (1220)] INFO : Installing DelayedJob instrumentation [part 1/2]
** [NewRelic][09/29/14 00:12:43 +0000 ip-172-31-9-58 (1220)] INFO : Finished instrumentation
** [NewRelic][09/29/14 00:12:43 +0000 ip-172-31-9-58 (1220)] INFO : NewRelic::Agent::Samplers::DelayedJobSampler not available: No DJ worker present
** [NewRelic][09/29/14 00:12:44 +0000 ip-172-31-9-58 (1220)] ERROR : Did not trace ThreadUtils#get_read_states because that method does not exist
** [NewRelic][09/29/14 00:12:44 +0000 ip-172-31-9-58 (1220)] ERROR : Did not trace ThreadUtils#get_endorsed because that method does not exist
** [NewRelic][09/29/14 00:12:44 +0000 ip-172-31-9-58 (1220)] INFO : Doing deferred dependency-detection before Rack startup
** [NewRelic][09/29/14 00:12:44 +0000 ip-172-31-9-58 (1220)] INFO : Installing Moped instrumentation
