 
 -------------- celery@ip-10-67-169-22 v3.0.19 (Chiastic Slide)
---- **** ----- 
--- * ***  * -- Linux-3.2.0-64-virtual-x86_64-with-Ubuntu-12.04-precise
-- * - **** --- 
- ** ---------- [config]
- ** ---------- .> broker:      redis://localhost:6379/6
- ** ---------- .> app:         default:0x2346410 (djcelery.loaders.DjangoLoader)
- ** ---------- .> concurrency: {min=1, max=4} (processes)
- *** --- * --- .> events:      OFF (enable -E to monitor this worker)
-- ******* ---- 
--- ***** ----- [queues]
 -------------- .> celery:      exchange:celery(direct) binding:celery
                

[Tasks]
  . controller.tasks.expire_submissions_task
  . controller.tasks.pull_from_xqueue
  . metrics.tasks.get_data_in_csv_format
  . metrics.tasks.get_message_in_csv_format
  . metrics.tasks.get_student_data_in_csv_format
  . metrics.tasks.regenerate_course_data
  . metrics.tasks.regenerate_course_data_in_csv_format
  . ml_grading.tasks.create_ml_models
  . ml_grading.tasks.grade_essays

 
 -------------- celery@ip-10-67-169-22 v3.0.19 (Chiastic Slide)
---- **** ----- 
--- * ***  * -- Linux-3.2.0-64-virtual-x86_64-with-Ubuntu-12.04-precise
-- * - **** --- 
- ** ---------- [config]
- ** ---------- .> broker:      redis://localhost:6379/6
- ** ---------- .> app:         default:0x2b47410 (djcelery.loaders.DjangoLoader)
- ** ---------- .> concurrency: {min=1, max=4} (processes)
- *** --- * --- .> events:      OFF (enable -E to monitor this worker)
-- ******* ---- 
--- ***** ----- [queues]
 -------------- .> celery:      exchange:celery(direct) binding:celery
                

[Tasks]
  . controller.tasks.expire_submissions_task
  . controller.tasks.pull_from_xqueue
  . metrics.tasks.get_data_in_csv_format
  . metrics.tasks.get_message_in_csv_format
  . metrics.tasks.get_student_data_in_csv_format
  . metrics.tasks.regenerate_course_data
  . metrics.tasks.regenerate_course_data_in_csv_format
  . ml_grading.tasks.create_ml_models
  . ml_grading.tasks.grade_essays

 
 -------------- celery@ip-172-31-9-58 v3.0.19 (Chiastic Slide)
---- **** ----- 
--- * ***  * -- Linux-3.2.0-64-virtual-x86_64-with-Ubuntu-12.04-precise
-- * - **** --- 
- ** ---------- [config]
- ** ---------- .> broker:      redis://localhost:6379/6
- ** ---------- .> app:         default:0x2494410 (djcelery.loaders.DjangoLoader)
- ** ---------- .> concurrency: {min=1, max=4} (processes)
- *** --- * --- .> events:      OFF (enable -E to monitor this worker)
-- ******* ---- 
--- ***** ----- [queues]
 -------------- .> celery:      exchange:celery(direct) binding:celery
                

[Tasks]
  . controller.tasks.expire_submissions_task
  . controller.tasks.pull_from_xqueue
  . metrics.tasks.get_data_in_csv_format
  . metrics.tasks.get_message_in_csv_format
  . metrics.tasks.get_student_data_in_csv_format
  . metrics.tasks.regenerate_course_data
  . metrics.tasks.regenerate_course_data_in_csv_format
  . ml_grading.tasks.create_ml_models
  . ml_grading.tasks.grade_essays

 
 -------------- celery@ip-172-31-9-58 v3.0.19 (Chiastic Slide)
---- **** ----- 
--- * ***  * -- Linux-3.2.0-64-virtual-x86_64-with-Ubuntu-12.04-precise
-- * - **** --- 
- ** ---------- [config]
- ** ---------- .> broker:      redis://localhost:6379/6
- ** ---------- .> app:         default:0x1f50410 (djcelery.loaders.DjangoLoader)
- ** ---------- .> concurrency: {min=1, max=4} (processes)
- *** --- * --- .> events:      OFF (enable -E to monitor this worker)
-- ******* ---- 
--- ***** ----- [queues]
 -------------- .> celery:      exchange:celery(direct) binding:celery
                

[Tasks]
  . controller.tasks.expire_submissions_task
  . controller.tasks.pull_from_xqueue
  . metrics.tasks.get_data_in_csv_format
  . metrics.tasks.get_message_in_csv_format
  . metrics.tasks.get_student_data_in_csv_format
  . metrics.tasks.regenerate_course_data
  . metrics.tasks.regenerate_course_data_in_csv_format
  . ml_grading.tasks.create_ml_models
  . ml_grading.tasks.grade_essays

 
 -------------- celery@ip-172-31-9-58 v3.0.19 (Chiastic Slide)
---- **** ----- 
--- * ***  * -- Linux-3.2.0-64-virtual-x86_64-with-Ubuntu-12.04-precise
-- * - **** --- 
- ** ---------- [config]
- ** ---------- .> broker:      redis://localhost:6379/6
- ** ---------- .> app:         default:0x3468410 (djcelery.loaders.DjangoLoader)
- ** ---------- .> concurrency: {min=1, max=4} (processes)
- *** --- * --- .> events:      OFF (enable -E to monitor this worker)
-- ******* ---- 
--- ***** ----- [queues]
 -------------- .> celery:      exchange:celery(direct) binding:celery
                

[Tasks]
  . controller.tasks.expire_submissions_task
  . controller.tasks.pull_from_xqueue
  . metrics.tasks.get_data_in_csv_format
  . metrics.tasks.get_message_in_csv_format
  . metrics.tasks.get_student_data_in_csv_format
  . metrics.tasks.regenerate_course_data
  . metrics.tasks.regenerate_course_data_in_csv_format
  . ml_grading.tasks.create_ml_models
  . ml_grading.tasks.grade_essays

